Processing 1 files
Start Processing: io/github/polymeta/nightfallpvp/NightfallPvP.java
New Key: class net/minecraftforge/fml/common/gameevent/TickEvent
Import: com.google.inject.Inject
Import: com.griefdefender.api.GriefDefender
Import: com.griefdefender.api.Tristate
Import: com.griefdefender.api.claim.Claim
Import: com.griefdefender.api.permission.Context
Import: com.griefdefender.api.permission.flag.Flags
Import: com.griefdefender.api.permission.option.Options
Import: net.minecraftforge.common.MinecraftForge
Import: net.minecraftforge.fml.common.FMLCommonHandler
Import: net.minecraftforge.fml.common.eventhandler.SubscribeEvent
Import: net.minecraftforge.fml.common.gameevent.TickEvent
Import: org.slf4j.Logger
Import: org.spongepowered.api.Sponge
Import: org.spongepowered.api.event.Listener
Import: org.spongepowered.api.event.game.state.GameInitializationEvent
Import: org.spongepowered.api.event.game.state.GameStartedServerEvent
Import: org.spongepowered.api.plugin.Plugin
Import: org.spongepowered.api.world.World
Import: scala.actors.threadpool.Arrays
Import: java.util.ArrayList
Import: java.util.Collections
Import: java.util.HashSet
Import: java.util.Set
End  Processing: io/github/polymeta/nightfallpvp/NightfallPvP.java

